android/build/intermediates/manifest_merge_blame_file/debug/manifest-merger-blame-debug-report.txt
1<?xml version="1.0" encoding="utf-8"?>
2<manifest xmlns:android="http://schemas.android.com/apk/res/android"
3    package="me.stephenvinouze.android"
4    android:versionCode="1"
5    android:versionName="1.0" >
6
7    <uses-sdk
8        android:minSdkVersion="21"
8-->src/main/AndroidManifest.xml
9        android:targetSdkVersion="31" />
9-->src/main/AndroidManifest.xml
10
11    <application
11-->src/main/AndroidManifest.xml:3:5-13:19
12        android:allowBackup="false"
12-->src/main/AndroidManifest.xml:4:13-40
13        android:appComponentFactory="androidx.core.app.CoreComponentFactory"
13-->[androidx.core:core:1.7.0] AndroidManifest.xml:24:18-86
14        android:debuggable="true"
15        android:supportsRtl="true"
15-->src/main/AndroidManifest.xml:5:13-39
16        android:testOnly="true"
17        android:theme="@style/Theme.AppCompat.Light.NoActionBar" >
17-->src/main/AndroidManifest.xml:6:13-69
18        <activity
18-->src/main/AndroidManifest.xml:7:13-12:20
19            android:name="me.stephenvinouze.android.MainActivity"
19-->src/main/AndroidManifest.xml:7:23-51
20            android:exported="true" >
20-->src/main/AndroidManifest.xml:7:52-75
21            <intent-filter>
21-->src/main/AndroidManifest.xml:8:13-11:29
22                <action android:name="android.intent.action.MAIN" />
22-->src/main/AndroidManifest.xml:9:17-68
22-->src/main/AndroidManifest.xml:9:25-66
23
24                <category android:name="android.intent.category.LAUNCHER" />
24-->src/main/AndroidManifest.xml:10:17-76
24-->src/main/AndroidManifest.xml:10:27-74
25            </intent-filter>
26        </activity>
27        <activity
27-->[androidx.compose.ui:ui-tooling:1.1.0-beta02] AndroidManifest.xml:25:9-27:39
28            android:name="androidx.compose.ui.tooling.PreviewActivity"
28-->[androidx.compose.ui:ui-tooling:1.1.0-beta02] AndroidManifest.xml:26:13-71
29            android:exported="true" />
29-->[androidx.compose.ui:ui-tooling:1.1.0-beta02] AndroidManifest.xml:27:13-36
30
31        <provider
31-->[androidx.emoji2:emoji2:1.0.0] AndroidManifest.xml:26:9-34:20
32            android:name="androidx.startup.InitializationProvider"
32-->[androidx.emoji2:emoji2:1.0.0] AndroidManifest.xml:27:13-67
33            android:authorities="me.stephenvinouze.android.androidx-startup"
33-->[androidx.emoji2:emoji2:1.0.0] AndroidManifest.xml:28:13-68
34            android:exported="false" >
34-->[androidx.emoji2:emoji2:1.0.0] AndroidManifest.xml:29:13-37
35            <meta-data
35-->[androidx.emoji2:emoji2:1.0.0] AndroidManifest.xml:31:13-33:52
36                android:name="androidx.emoji2.text.EmojiCompatInitializer"
36-->[androidx.emoji2:emoji2:1.0.0] AndroidManifest.xml:32:17-75
37                android:value="androidx.startup" />
37-->[androidx.emoji2:emoji2:1.0.0] AndroidManifest.xml:33:17-49
38            <meta-data
38-->[androidx.lifecycle:lifecycle-process:2.4.0] AndroidManifest.xml:31:13-33:52
39                android:name="androidx.lifecycle.ProcessLifecycleInitializer"
39-->[androidx.lifecycle:lifecycle-process:2.4.0] AndroidManifest.xml:32:17-78
40                android:value="androidx.startup" />
40-->[androidx.lifecycle:lifecycle-process:2.4.0] AndroidManifest.xml:33:17-49
41            <meta-data
41-->[androidx.profileinstaller:profileinstaller:1.1.0-beta02] AndroidManifest.xml:31:13-33:52
42                android:name="androidx.profileinstaller.ProfileInstallerInitializer"
42-->[androidx.profileinstaller:profileinstaller:1.1.0-beta02] AndroidManifest.xml:32:17-85
43                android:value="androidx.startup" />
43-->[androidx.profileinstaller:profileinstaller:1.1.0-beta02] AndroidManifest.xml:33:17-49
44        </provider>
45
46        <receiver
46-->[androidx.profileinstaller:profileinstaller:1.1.0-beta02] AndroidManifest.xml:36:9-45:20
47            android:name="androidx.profileinstaller.ProfileInstallReceiver"
47-->[androidx.profileinstaller:profileinstaller:1.1.0-beta02] AndroidManifest.xml:37:13-76
48            android:directBootAware="false"
48-->[androidx.profileinstaller:profileinstaller:1.1.0-beta02] AndroidManifest.xml:38:13-44
49            android:enabled="true"
49-->[androidx.profileinstaller:profileinstaller:1.1.0-beta02] AndroidManifest.xml:39:13-35
50            android:exported="true"
50-->[androidx.profileinstaller:profileinstaller:1.1.0-beta02] AndroidManifest.xml:40:13-36
51            android:permission="android.permission.DUMP" >
51-->[androidx.profileinstaller:profileinstaller:1.1.0-beta02] AndroidManifest.xml:41:13-57
52            <intent-filter>
52-->[androidx.profileinstaller:profileinstaller:1.1.0-beta02] AndroidManifest.xml:42:13-44:29
53                <action android:name="androidx.profileinstaller.action.INSTALL_PROFILE" />
53-->[androidx.profileinstaller:profileinstaller:1.1.0-beta02] AndroidManifest.xml:43:17-91
53-->[androidx.profileinstaller:profileinstaller:1.1.0-beta02] AndroidManifest.xml:43:25-88
54            </intent-filter>
55        </receiver>
56    </application>
57
58</manifest>